<?xml version="1.0" encoding="UTF-8"?>
<testng-results ignored="0" total="1" passed="1" failed="0" skipped="0">
  <reporter-output>
  </reporter-output>
  <suite started-at="2023-07-07T19:19:34 IST" name="Suite" finished-at="2023-07-07T19:19:37 IST" duration-ms="2903">
    <groups>
    </groups>
    <test started-at="2023-07-07T19:19:34 IST" name="Test" finished-at="2023-07-07T19:19:37 IST" duration-ms="2903">
      <class name="formaven.Runner">
        <test-method signature="script()[pri:0, instance:formaven.Runner@59505b48]" started-at="2023-07-07T19:19:34 IST" name="script" finished-at="2023-07-07T19:19:37 IST" duration-ms="2849" status="PASS">
          <reporter-output>
          </reporter-output>
        </test-method> <!-- script -->
      </class> <!-- formaven.Runner -->
    </test> <!-- Test -->
  </suite> <!-- Suite -->
</testng-results>
